2025-08-05 23:22:43.180 +03:00 [DBG] No required modules
2025-08-05 23:22:43.234 +03:00 [DBG] Loading module from assembly Mdt.Core
2025-08-05 23:22:44.510 +03:00 [DBG] Loading assembly from file D:\ics\bi_Saparkin_Anton\modules\BI\DEMO\api\modules\Datamart\Datamart.dll
2025-08-05 23:22:45.353 +03:00 [DBG] Loading assembly from file D:\ics\bi_Saparkin_Anton\modules\BI\DEMO\api\modules\DCore.Module\DCore.Module.dll
2025-08-05 23:22:46.070 +03:00 [DBG] Loading assembly from file D:\ics\bi_Saparkin_Anton\modules\BI\DEMO\api\modules\ExchangeRate\ExchangeRate.dll
2025-08-05 23:22:46.988 +03:00 [DBG] Loading assembly from file D:\ics\bi_Saparkin_Anton\modules\BI\DEMO\api\modules\Mdt.Audit\Mdt.Audit.dll
2025-08-05 23:22:47.804 +03:00 [DBG] Loading assembly from file D:\ics\bi_Saparkin_Anton\modules\BI\DEMO\api\modules\Mdt.Binding\Mdt.Binding.dll
2025-08-05 23:22:49.032 +03:00 [DBG] Loading assembly from file D:\ics\bi_Saparkin_Anton\modules\BI\DEMO\api\modules\Mdt.DbLog\Mdt.DbLog.dll
2025-08-05 23:22:49.909 +03:00 [DBG] Loading assembly from file D:\ics\bi_Saparkin_Anton\modules\BI\DEMO\api\modules\Mdt.Dev\Mdt.Dev.dll
2025-08-05 23:22:50.882 +03:00 [DBG] Loading assembly from file D:\ics\bi_Saparkin_Anton\modules\BI\DEMO\api\modules\Mdt.Dm\Mdt.Dm.dll
2025-08-05 23:22:51.798 +03:00 [DBG] Loading assembly from file D:\ics\bi_Saparkin_Anton\modules\BI\DEMO\api\modules\Mdt.DocGen\Mdt.DocGen.dll
2025-08-05 23:22:52.628 +03:00 [DBG] Loading assembly from file D:\ics\bi_Saparkin_Anton\modules\BI\DEMO\api\modules\Mdt.Elastic\Mdt.Elastic.dll
2025-08-05 23:22:53.446 +03:00 [DBG] Loading assembly from file D:\ics\bi_Saparkin_Anton\modules\BI\DEMO\api\modules\Mdt.Etl\Mdt.Etl.dll
2025-08-05 23:22:54.367 +03:00 [DBG] Loading assembly from file D:\ics\bi_Saparkin_Anton\modules\BI\DEMO\api\modules\Mdt.Export\Mdt.Export.dll
2025-08-05 23:22:55.186 +03:00 [DBG] Loading assembly from file D:\ics\bi_Saparkin_Anton\modules\BI\DEMO\api\modules\Mdt.Help\Mdt.Help.dll
2025-08-05 23:22:55.893 +03:00 [DBG] Loading assembly from file D:\ics\bi_Saparkin_Anton\modules\BI\DEMO\api\modules\Mdt.Import\Mdt.Import.dll
2025-08-05 23:22:57.021 +03:00 [DBG] Loading assembly from file D:\ics\bi_Saparkin_Anton\modules\BI\DEMO\api\modules\Mdt.Mapping\Mdt.Mapping.dll
2025-08-05 23:22:57.840 +03:00 [DBG] Loading assembly from file D:\ics\bi_Saparkin_Anton\modules\BI\DEMO\api\modules\Mdt.Oauth\Mdt.Oauth.dll
2025-08-05 23:22:58.483 +03:00 [DBG] Loading assembly from file D:\ics\bi_Saparkin_Anton\modules\BI\DEMO\api\modules\Mdt.Odata\Mdt.Odata.dll
2025-08-05 23:22:59.203 +03:00 [DBG] Loading assembly from file D:\ics\bi_Saparkin_Anton\modules\BI\DEMO\api\modules\Mdt.Part\Mdt.Part.dll
2025-08-05 23:22:59.886 +03:00 [DBG] Loading assembly from file D:\ics\bi_Saparkin_Anton\modules\BI\DEMO\api\modules\Mdt.Pbi\Mdt.Pbi.dll
2025-08-05 23:23:00.603 +03:00 [DBG] Loading assembly from file D:\ics\bi_Saparkin_Anton\modules\BI\DEMO\api\modules\Mdt.Sm\Mdt.Sm.dll
2025-08-05 23:23:01.847 +03:00 [DBG] Loading assembly from file D:\ics\bi_Saparkin_Anton\modules\BI\DEMO\api\modules\Mdt.SqlFields\Mdt.SqlFields.dll
2025-08-05 23:23:02.503 +03:00 [DBG] Loading assembly from file D:\ics\bi_Saparkin_Anton\modules\BI\DEMO\api\modules\Mdt.Status\Mdt.Status.dll
2025-08-05 23:23:03.265 +03:00 [DBG] Loading assembly from file D:\ics\bi_Saparkin_Anton\modules\BI\DEMO\api\modules\Mdt.Tabular\Mdt.Tabular.dll
2025-08-05 23:23:04.176 +03:00 [DBG] Loading assembly from file D:\ics\bi_Saparkin_Anton\modules\BI\DEMO\api\modules\Mdt.Tag\Mdt.Tag.dll
2025-08-05 23:23:04.799 +03:00 [DBG] Loading assembly from file D:\ics\bi_Saparkin_Anton\modules\BI\DEMO\api\modules\Mdt.Tag.Export\Mdt.Tag.Export.dll
2025-08-05 23:23:05.518 +03:00 [DBG] Loading assembly from file D:\ics\bi_Saparkin_Anton\modules\BI\DEMO\api\modules\Mdt.Workflow\Mdt.Workflow.dll
2025-08-05 23:23:06.440 +03:00 [DBG] Loading assembly from file D:\ics\bi_Saparkin_Anton\modules\BI\DEMO\api\modules\MdtModules.Binding.Import\MdtModules.Binding.Import.dll
2025-08-05 23:23:07.565 +03:00 [DBG] Loading assembly from file D:\ics\bi_Saparkin_Anton\modules\BI\DEMO\api\modules\Price-List\PriceList.dll
2025-08-05 23:23:08.487 +03:00 [DBG] Loading assembly from file D:\ics\bi_Saparkin_Anton\modules\BI\DEMO\api\modules\SyncApi\SyncApi.dll
2025-08-05 23:23:08.987 +03:00 [DBG] Loading module from assembly Datamart
2025-08-05 23:24:12.550 +03:00 [DBG] Loading module from assembly DCore.Module
2025-08-05 23:24:12.552 +03:00 [DBG] Loading module from assembly ExchangeRate
2025-08-05 23:24:12.553 +03:00 [DBG] Loading module from assembly Mdt.Audit
2025-08-05 23:24:12.555 +03:00 [DBG] Loading module from assembly Mdt.Binding
2025-08-05 23:24:13.113 +03:00 [DBG] Loading module from assembly Mdt.DbLog
2025-08-05 23:24:13.211 +03:00 [DBG] Loading module from assembly Mdt.Dev
2025-08-05 23:24:13.717 +03:00 [DBG] Loading module from assembly Mdt.Dm
2025-08-05 23:24:14.209 +03:00 [DBG] Loading module from assembly Mdt.DocGen
2025-08-05 23:24:16.271 +03:00 [DBG] Loading module from assembly Mdt.Elastic
2025-08-05 23:24:18.554 +03:00 [DBG] Loading module from assembly Mdt.Etl
2025-08-05 23:24:19.355 +03:00 [DBG] Loading module from assembly Mdt.Export
2025-08-05 23:24:20.070 +03:00 [DBG] Loading module from assembly Mdt.Help
2025-08-05 23:24:20.073 +03:00 [DBG] Loading module from assembly Mdt.Import
2025-08-05 23:24:20.081 +03:00 [DBG] Loading module from assembly Mdt.Mapping
2025-08-05 23:24:20.085 +03:00 [DBG] Loading module from assembly Mdt.Oauth
2025-08-05 23:24:20.723 +03:00 [DBG] Loading module from assembly Mdt.Odata
2025-08-05 23:24:21.068 +03:00 [DBG] Loading module from assembly Mdt.Part
2025-08-05 23:24:21.585 +03:00 [DBG] Loading module from assembly Mdt.Pbi
2025-08-05 23:24:22.095 +03:00 [DBG] Loading module from assembly Mdt.Sm
2025-08-05 23:24:22.098 +03:00 [DBG] Loading module from assembly Mdt.SqlFields
2025-08-05 23:24:22.100 +03:00 [DBG] Loading module from assembly Mdt.Status
2025-08-05 23:24:22.103 +03:00 [DBG] Loading module from assembly Mdt.Tabular
2025-08-05 23:24:22.678 +03:00 [DBG] Loading module from assembly Mdt.Tag
2025-08-05 23:24:22.681 +03:00 [DBG] Loading module from assembly Mdt.Tag.Export
2025-08-05 23:24:22.685 +03:00 [DBG] Loading module from assembly Mdt.Workflow
2025-08-05 23:24:23.280 +03:00 [DBG] Loading module from assembly MdtModules.Binding.Import
2025-08-05 23:24:23.286 +03:00 [DBG] Loading module from assembly PriceList
2025-08-05 23:24:23.290 +03:00 [DBG] Loading module from assembly SyncApi
2025-08-05 23:24:23.297 +03:00 [DBG] Executing Startup of module Mdt.Core.Modules.System
2025-08-05 23:24:23.298 +03:00 [DBG] Executing Startup of module Mdt.Storage
2025-08-05 23:24:23.300 +03:00 [DBG] Executing Startup of module Mdt.Templates
2025-08-05 23:24:23.807 +03:00 [DBG] Executing Startup of module Mdt.Job
2025-08-05 23:24:23.809 +03:00 [DBG] Executing Startup of module Mdt.Password
2025-08-05 23:24:23.810 +03:00 [DBG] Executing Startup of module Ics.MdtModules.Datamart
2025-08-05 23:24:23.810 +03:00 [DBG] Executing Startup of module DCore.Module
2025-08-05 23:24:34.462 +03:00 [DBG] Executing Startup of module Ics.MdtModules.ExchangeRate
2025-08-05 23:24:34.463 +03:00 [DBG] Executing Startup of module Mdt.Audit
2025-08-05 23:24:34.463 +03:00 [DBG] Executing Startup of module Mdt.Binding
2025-08-05 23:24:34.463 +03:00 [DBG] Executing Startup of module Mdt.DbLog
2025-08-05 23:24:34.464 +03:00 [DBG] Executing Startup of module Mdt.Dev
2025-08-05 23:24:34.464 +03:00 [DBG] Executing Startup of module Mdt.Dev.E2e.E2e
2025-08-05 23:24:34.464 +03:00 [DBG] Executing Startup of module Mdt.Dm
2025-08-05 23:24:34.465 +03:00 [DBG] Executing Startup of module Mdt.DocGen
2025-08-05 23:24:34.465 +03:00 [DBG] Executing Startup of module Mdt.Elastic
2025-08-05 23:24:34.465 +03:00 [DBG] Executing Startup of module Mdt.Etl
2025-08-05 23:24:34.466 +03:00 [DBG] Executing Startup of module Mdt.Export
2025-08-05 23:24:34.467 +03:00 [DBG] Executing Startup of module Mdt.Help
2025-08-05 23:24:34.467 +03:00 [DBG] Executing Startup of module Mdt.Import
2025-08-05 23:24:34.467 +03:00 [DBG] Executing Startup of module Mdt.Mapping
2025-08-05 23:24:34.467 +03:00 [DBG] Executing Startup of module Mdt.Oauth
2025-08-05 23:24:34.468 +03:00 [DBG] Executing Startup of module Mdt.Part
2025-08-05 23:24:34.468 +03:00 [DBG] Executing Startup of module Mdt.Pbi
2025-08-05 23:24:34.468 +03:00 [DBG] Executing Startup of module Mdt.Status
2025-08-05 23:24:34.468 +03:00 [DBG] Executing Startup of module Mdt.Tabular
2025-08-05 23:24:34.470 +03:00 [DBG] Executing Startup of module Mdt.Tag.Export
2025-08-05 23:24:34.470 +03:00 [DBG] Executing Startup of module Mdt.Workflow
2025-08-05 23:24:34.470 +03:00 [DBG] Executing Startup of module MdtModules.Binding.Import
2025-08-05 23:24:34.471 +03:00 [DBG] Executing Startup of module Ics.MdtModules.PriceList
2025-08-05 23:24:34.471 +03:00 [DBG] Executing Startup of module Ics.MdtModules.SyncApi
2025-08-05 23:24:50.802 +03:00 [DBG] No required modules
2025-08-05 23:24:50.819 +03:00 [DBG] Loading module from assembly Mdt.Core
2025-08-05 23:24:50.854 +03:00 [DBG] Loading assembly from file D:\ics\bi_Saparkin_Anton\modules\BI\DEMO\api\modules\Datamart\Datamart.dll
2025-08-05 23:24:50.860 +03:00 [DBG] Loading assembly from file D:\ics\bi_Saparkin_Anton\modules\BI\DEMO\api\modules\DCore.Module\DCore.Module.dll
2025-08-05 23:24:50.865 +03:00 [DBG] Loading assembly from file D:\ics\bi_Saparkin_Anton\modules\BI\DEMO\api\modules\ExchangeRate\ExchangeRate.dll
2025-08-05 23:24:50.867 +03:00 [DBG] Loading assembly from file D:\ics\bi_Saparkin_Anton\modules\BI\DEMO\api\modules\Mdt.Audit\Mdt.Audit.dll
2025-08-05 23:24:50.868 +03:00 [DBG] Loading assembly from file D:\ics\bi_Saparkin_Anton\modules\BI\DEMO\api\modules\Mdt.Binding\Mdt.Binding.dll
2025-08-05 23:24:50.870 +03:00 [DBG] Loading assembly from file D:\ics\bi_Saparkin_Anton\modules\BI\DEMO\api\modules\Mdt.DbLog\Mdt.DbLog.dll
2025-08-05 23:24:50.872 +03:00 [DBG] Loading assembly from file D:\ics\bi_Saparkin_Anton\modules\BI\DEMO\api\modules\Mdt.Dev\Mdt.Dev.dll
2025-08-05 23:24:50.874 +03:00 [DBG] Loading assembly from file D:\ics\bi_Saparkin_Anton\modules\BI\DEMO\api\modules\Mdt.Dm\Mdt.Dm.dll
2025-08-05 23:24:50.876 +03:00 [DBG] Loading assembly from file D:\ics\bi_Saparkin_Anton\modules\BI\DEMO\api\modules\Mdt.DocGen\Mdt.DocGen.dll
2025-08-05 23:24:50.878 +03:00 [DBG] Loading assembly from file D:\ics\bi_Saparkin_Anton\modules\BI\DEMO\api\modules\Mdt.Elastic\Mdt.Elastic.dll
2025-08-05 23:24:50.879 +03:00 [DBG] Loading assembly from file D:\ics\bi_Saparkin_Anton\modules\BI\DEMO\api\modules\Mdt.Etl\Mdt.Etl.dll
2025-08-05 23:24:50.881 +03:00 [DBG] Loading assembly from file D:\ics\bi_Saparkin_Anton\modules\BI\DEMO\api\modules\Mdt.Export\Mdt.Export.dll
2025-08-05 23:24:50.883 +03:00 [DBG] Loading assembly from file D:\ics\bi_Saparkin_Anton\modules\BI\DEMO\api\modules\Mdt.Help\Mdt.Help.dll
2025-08-05 23:24:50.884 +03:00 [DBG] Loading assembly from file D:\ics\bi_Saparkin_Anton\modules\BI\DEMO\api\modules\Mdt.Import\Mdt.Import.dll
2025-08-05 23:24:50.886 +03:00 [DBG] Loading assembly from file D:\ics\bi_Saparkin_Anton\modules\BI\DEMO\api\modules\Mdt.Mapping\Mdt.Mapping.dll
2025-08-05 23:24:50.888 +03:00 [DBG] Loading assembly from file D:\ics\bi_Saparkin_Anton\modules\BI\DEMO\api\modules\Mdt.Oauth\Mdt.Oauth.dll
2025-08-05 23:24:50.889 +03:00 [DBG] Loading assembly from file D:\ics\bi_Saparkin_Anton\modules\BI\DEMO\api\modules\Mdt.Odata\Mdt.Odata.dll
2025-08-05 23:24:50.891 +03:00 [DBG] Loading assembly from file D:\ics\bi_Saparkin_Anton\modules\BI\DEMO\api\modules\Mdt.Part\Mdt.Part.dll
2025-08-05 23:24:50.892 +03:00 [DBG] Loading assembly from file D:\ics\bi_Saparkin_Anton\modules\BI\DEMO\api\modules\Mdt.Pbi\Mdt.Pbi.dll
2025-08-05 23:24:50.895 +03:00 [DBG] Loading assembly from file D:\ics\bi_Saparkin_Anton\modules\BI\DEMO\api\modules\Mdt.Sm\Mdt.Sm.dll
2025-08-05 23:24:50.897 +03:00 [DBG] Loading assembly from file D:\ics\bi_Saparkin_Anton\modules\BI\DEMO\api\modules\Mdt.SqlFields\Mdt.SqlFields.dll
2025-08-05 23:24:50.899 +03:00 [DBG] Loading assembly from file D:\ics\bi_Saparkin_Anton\modules\BI\DEMO\api\modules\Mdt.Status\Mdt.Status.dll
2025-08-05 23:24:50.900 +03:00 [DBG] Loading assembly from file D:\ics\bi_Saparkin_Anton\modules\BI\DEMO\api\modules\Mdt.Tabular\Mdt.Tabular.dll
2025-08-05 23:24:50.903 +03:00 [DBG] Loading assembly from file D:\ics\bi_Saparkin_Anton\modules\BI\DEMO\api\modules\Mdt.Tag\Mdt.Tag.dll
2025-08-05 23:24:50.904 +03:00 [DBG] Loading assembly from file D:\ics\bi_Saparkin_Anton\modules\BI\DEMO\api\modules\Mdt.Tag.Export\Mdt.Tag.Export.dll
2025-08-05 23:24:50.908 +03:00 [DBG] Loading assembly from file D:\ics\bi_Saparkin_Anton\modules\BI\DEMO\api\modules\Mdt.Workflow\Mdt.Workflow.dll
2025-08-05 23:24:50.909 +03:00 [DBG] Loading assembly from file D:\ics\bi_Saparkin_Anton\modules\BI\DEMO\api\modules\MdtModules.Binding.Import\MdtModules.Binding.Import.dll
2025-08-05 23:24:50.911 +03:00 [DBG] Loading assembly from file D:\ics\bi_Saparkin_Anton\modules\BI\DEMO\api\modules\Price-List\PriceList.dll
2025-08-05 23:24:50.912 +03:00 [DBG] Loading assembly from file D:\ics\bi_Saparkin_Anton\modules\BI\DEMO\api\modules\SyncApi\SyncApi.dll
2025-08-05 23:24:50.916 +03:00 [DBG] Loading module from assembly Datamart
2025-08-05 23:24:50.951 +03:00 [DBG] Loading module from assembly DCore.Module
2025-08-05 23:24:50.955 +03:00 [DBG] Loading module from assembly ExchangeRate
2025-08-05 23:24:50.958 +03:00 [DBG] Loading module from assembly Mdt.Audit
2025-08-05 23:24:50.962 +03:00 [DBG] Loading module from assembly Mdt.Binding
2025-08-05 23:24:50.968 +03:00 [DBG] Loading module from assembly Mdt.DbLog
2025-08-05 23:24:50.974 +03:00 [DBG] Loading module from assembly Mdt.Dev
2025-08-05 23:24:50.983 +03:00 [DBG] Loading module from assembly Mdt.Dm
2025-08-05 23:24:50.990 +03:00 [DBG] Loading module from assembly Mdt.DocGen
2025-08-05 23:24:51.001 +03:00 [DBG] Loading module from assembly Mdt.Elastic
2025-08-05 23:24:51.008 +03:00 [DBG] Loading module from assembly Mdt.Etl
2025-08-05 23:24:51.016 +03:00 [DBG] Loading module from assembly Mdt.Export
2025-08-05 23:24:51.021 +03:00 [DBG] Loading module from assembly Mdt.Help
2025-08-05 23:24:51.024 +03:00 [DBG] Loading module from assembly Mdt.Import
2025-08-05 23:24:51.031 +03:00 [DBG] Loading module from assembly Mdt.Mapping
2025-08-05 23:24:51.035 +03:00 [DBG] Loading module from assembly Mdt.Oauth
2025-08-05 23:24:51.040 +03:00 [DBG] Loading module from assembly Mdt.Odata
2025-08-05 23:24:51.045 +03:00 [DBG] Loading module from assembly Mdt.Part
2025-08-05 23:24:51.049 +03:00 [DBG] Loading module from assembly Mdt.Pbi
2025-08-05 23:24:51.054 +03:00 [DBG] Loading module from assembly Mdt.Sm
2025-08-05 23:24:51.058 +03:00 [DBG] Loading module from assembly Mdt.SqlFields
2025-08-05 23:24:51.060 +03:00 [DBG] Loading module from assembly Mdt.Status
2025-08-05 23:24:51.064 +03:00 [DBG] Loading module from assembly Mdt.Tabular
2025-08-05 23:24:51.071 +03:00 [DBG] Loading module from assembly Mdt.Tag
2025-08-05 23:24:51.075 +03:00 [DBG] Loading module from assembly Mdt.Tag.Export
2025-08-05 23:24:51.079 +03:00 [DBG] Loading module from assembly Mdt.Workflow
2025-08-05 23:24:51.085 +03:00 [DBG] Loading module from assembly MdtModules.Binding.Import
2025-08-05 23:24:51.091 +03:00 [DBG] Loading module from assembly PriceList
2025-08-05 23:24:51.100 +03:00 [DBG] Loading module from assembly SyncApi
2025-08-05 23:24:51.112 +03:00 [DBG] Executing Startup of module Mdt.Core.Modules.System
2025-08-05 23:24:51.113 +03:00 [DBG] Executing Startup of module Mdt.Storage
2025-08-05 23:24:51.114 +03:00 [DBG] Executing Startup of module Mdt.Templates
2025-08-05 23:24:51.116 +03:00 [DBG] Executing Startup of module Mdt.Job
2025-08-05 23:24:51.119 +03:00 [DBG] Executing Startup of module Mdt.Password
2025-08-05 23:24:51.119 +03:00 [DBG] Executing Startup of module Ics.MdtModules.Datamart
2025-08-05 23:24:51.120 +03:00 [DBG] Executing Startup of module DCore.Module
2025-08-05 23:24:51.187 +03:00 [DBG] Executing Startup of module Ics.MdtModules.ExchangeRate
2025-08-05 23:24:51.187 +03:00 [DBG] Executing Startup of module Mdt.Audit
2025-08-05 23:24:51.187 +03:00 [DBG] Executing Startup of module Mdt.Binding
2025-08-05 23:24:51.187 +03:00 [DBG] Executing Startup of module Mdt.DbLog
2025-08-05 23:24:51.187 +03:00 [DBG] Executing Startup of module Mdt.Dev
2025-08-05 23:24:51.188 +03:00 [DBG] Executing Startup of module Mdt.Dev.E2e.E2e
2025-08-05 23:24:51.188 +03:00 [DBG] Executing Startup of module Mdt.Dm
2025-08-05 23:24:51.188 +03:00 [DBG] Executing Startup of module Mdt.DocGen
2025-08-05 23:24:51.188 +03:00 [DBG] Executing Startup of module Mdt.Elastic
2025-08-05 23:24:51.188 +03:00 [DBG] Executing Startup of module Mdt.Etl
2025-08-05 23:24:51.189 +03:00 [DBG] Executing Startup of module Mdt.Export
2025-08-05 23:24:51.190 +03:00 [DBG] Executing Startup of module Mdt.Help
2025-08-05 23:24:51.190 +03:00 [DBG] Executing Startup of module Mdt.Import
2025-08-05 23:24:51.190 +03:00 [DBG] Executing Startup of module Mdt.Mapping
2025-08-05 23:24:51.190 +03:00 [DBG] Executing Startup of module Mdt.Oauth
2025-08-05 23:24:51.191 +03:00 [DBG] Executing Startup of module Mdt.Part
2025-08-05 23:24:51.191 +03:00 [DBG] Executing Startup of module Mdt.Pbi
2025-08-05 23:24:51.191 +03:00 [DBG] Executing Startup of module Mdt.Status
2025-08-05 23:24:51.192 +03:00 [DBG] Executing Startup of module Mdt.Tabular
2025-08-05 23:24:51.193 +03:00 [DBG] Executing Startup of module Mdt.Tag.Export
2025-08-05 23:24:51.193 +03:00 [DBG] Executing Startup of module Mdt.Workflow
2025-08-05 23:24:51.193 +03:00 [DBG] Executing Startup of module MdtModules.Binding.Import
2025-08-05 23:24:51.193 +03:00 [DBG] Executing Startup of module Ics.MdtModules.PriceList
2025-08-05 23:24:51.193 +03:00 [DBG] Executing Startup of module Ics.MdtModules.SyncApi
